<?xml version="1.0" encoding="UTF-8"?>
<testng-results ignored="0" total="6" passed="6" failed="0" skipped="0">
  <reporter-output>
  </reporter-output>
  <suite started-at="2023-11-17T23:09:25 CST" name="Default suite" finished-at="2023-11-17T23:09:38 CST" duration-ms="12757">
    <groups>
      <group name="cucumber">
        <method signature="AbstractTestNGCucumberTests.runScenario(io.cucumber.testng.PickleWrapper,io.cucumber.testng.FeatureWrapper)[pri:0, instance:testRunner.TestNGTestRunner@198b6731]" name="runScenario" class="io.cucumber.testng.AbstractTestNGCucumberTests"/>
      </group> <!-- cucumber -->
    </groups>
    <test started-at="2023-11-17T23:09:25 CST" name="Default test" finished-at="2023-11-17T23:09:38 CST" duration-ms="12757">
      <class name="testRunner.TestNGTestRunner">
        <test-method is-config="true" signature="setUpClass(org.testng.ITestContext)[pri:0, instance:testRunner.TestNGTestRunner@198b6731]" started-at="2023-11-17T23:09:25 CST" name="setUpClass" finished-at="2023-11-17T23:09:26 CST" duration-ms="1134" status="PASS">
          <params>
            <param index="0">
              <value>
                <![CDATA[org.testng.TestRunner@1f4de96e]]>
              </value>
            </param>
          </params>
          <reporter-output>
          </reporter-output>
        </test-method> <!-- setUpClass -->
        <test-method signature="runScenario(io.cucumber.testng.PickleWrapper,io.cucumber.testng.FeatureWrapper)[pri:0, instance:testRunner.TestNGTestRunner@198b6731]" started-at="2023-11-17T23:09:26 CST" name="runScenario" description="Runs Cucumber Scenarios" data-provider="scenarios" finished-at="2023-11-17T23:09:34 CST" duration-ms="7230" status="PASS">
          <params>
            <param index="0">
              <value>
                <![CDATA["User login with valid credentials"]]>
              </value>
            </param>
            <param index="1">
              <value>
                <![CDATA["DieticianAPI Feature"]]>
              </value>
            </param>
          </params>
          <reporter-output>
          </reporter-output>
        </test-method> <!-- runScenario -->
        <test-method signature="runScenario(io.cucumber.testng.PickleWrapper,io.cucumber.testng.FeatureWrapper)[pri:0, instance:testRunner.TestNGTestRunner@198b6731]" started-at="2023-11-17T23:09:34 CST" name="runScenario" description="Runs Cucumber Scenarios" data-provider="scenarios" finished-at="2023-11-17T23:09:35 CST" duration-ms="1068" status="PASS">
          <params>
            <param index="0">
              <value>
                <![CDATA["User login with Invalid credentials"]]>
              </value>
            </param>
            <param index="1">
              <value>
                <![CDATA["DieticianAPI Feature"]]>
              </value>
            </param>
          </params>
          <reporter-output>
          </reporter-output>
        </test-method> <!-- runScenario -->
        <test-method signature="runScenario(io.cucumber.testng.PickleWrapper,io.cucumber.testng.FeatureWrapper)[pri:0, instance:testRunner.TestNGTestRunner@198b6731]" started-at="2023-11-17T23:09:35 CST" name="runScenario" description="Runs Cucumber Scenarios" data-provider="scenarios" finished-at="2023-11-17T23:09:35 CST" duration-ms="320" status="PASS">
          <params>
            <param index="0">
              <value>
                <![CDATA["User login with missing mandatory field"]]>
              </value>
            </param>
            <param index="1">
              <value>
                <![CDATA["DieticianAPI Feature"]]>
              </value>
            </param>
          </params>
          <reporter-output>
          </reporter-output>
        </test-method> <!-- runScenario -->
        <test-method signature="runScenario(io.cucumber.testng.PickleWrapper,io.cucumber.testng.FeatureWrapper)[pri:0, instance:testRunner.TestNGTestRunner@198b6731]" started-at="2023-11-17T23:09:35 CST" name="runScenario" description="Runs Cucumber Scenarios" data-provider="scenarios" finished-at="2023-11-17T23:09:35 CST" duration-ms="283" status="PASS">
          <params>
            <param index="0">
              <value>
                <![CDATA["Get all Patient details"]]>
              </value>
            </param>
            <param index="1">
              <value>
                <![CDATA["DieticianAPI Feature"]]>
              </value>
            </param>
          </params>
          <reporter-output>
          </reporter-output>
        </test-method> <!-- runScenario -->
        <test-method signature="runScenario(io.cucumber.testng.PickleWrapper,io.cucumber.testng.FeatureWrapper)[pri:0, instance:testRunner.TestNGTestRunner@198b6731]" started-at="2023-11-17T23:09:35 CST" name="runScenario" description="Runs Cucumber Scenarios" data-provider="scenarios" finished-at="2023-11-17T23:09:37 CST" duration-ms="2102" status="PASS">
          <params>
            <param index="0">
              <value>
                <![CDATA["User creates new patient with valid body"]]>
              </value>
            </param>
            <param index="1">
              <value>
                <![CDATA["DieticianAPI Feature"]]>
              </value>
            </param>
          </params>
          <reporter-output>
          </reporter-output>
        </test-method> <!-- runScenario -->
        <test-method signature="runScenario(io.cucumber.testng.PickleWrapper,io.cucumber.testng.FeatureWrapper)[pri:0, instance:testRunner.TestNGTestRunner@198b6731]" started-at="2023-11-17T23:09:37 CST" name="runScenario" description="Runs Cucumber Scenarios" data-provider="scenarios" finished-at="2023-11-17T23:09:38 CST" duration-ms="413" status="PASS">
          <params>
            <param index="0">
              <value>
                <![CDATA["Delete a patient with valid PatientId"]]>
              </value>
            </param>
            <param index="1">
              <value>
                <![CDATA["DieticianAPI Feature"]]>
              </value>
            </param>
          </params>
          <reporter-output>
          </reporter-output>
        </test-method> <!-- runScenario -->
        <test-method is-config="true" signature="tearDownClass()[pri:0, instance:testRunner.TestNGTestRunner@198b6731]" started-at="2023-11-17T23:09:38 CST" name="tearDownClass" finished-at="2023-11-17T23:09:38 CST" duration-ms="99" status="PASS">
          <reporter-output>
          </reporter-output>
        </test-method> <!-- tearDownClass -->
      </class> <!-- testRunner.TestNGTestRunner -->
    </test> <!-- Default test -->
  </suite> <!-- Default suite -->
</testng-results>
